2021-01-08 17:07:18.609  INFO 1880 --- [main] lavalink.server.Launcher                 : 

[32m       .  [31m _                  _ _       _    [32m__ _ _
[32m      /\\ [31m| | __ ___   ____ _| (_)_ __ | | __[32m\ \ \ \
[32m     ( ( )[31m| |/ _` \ \ / / _` | | | '_ \| |/ /[32m \ \ \ \
[32m      \\/ [31m| | (_| |\ V / (_| | | | | | |   < [32m  ) ) ) )
[32m       '  [31m|_|\__,_| \_/ \__,_|_|_|_| |_|_|\_\[32m / / / /
[0m    =========================================[32m/_/_/_/[0m

	Version:        c2ba897cbc94a83e9faab70241ef3439d6b53259-SNAPSHOT
	Build:          1182
	Build time:     30.12.2020 14:11:35 UTC
	Branch          master
	Commit:         c2ba897
	Commit time:    30.12.2020 14:09:20 UTC
	JVM:            15.0.1
	Lavaplayer      1.3.65

2021-01-08 17:07:18.761  INFO 1880 --- [main] lavalink.server.Launcher                 : Starting Launcher on DESKTOP-CU5JKM0 with PID 1880 (C:\Users\morko\Documents\discord_bot\lavalink\Lavalink.jar started by morko in C:\Users\morko\Documents\discord_bot\lavalink)
2021-01-08 17:07:18.763  INFO 1880 --- [main] lavalink.server.Launcher                 : No active profile set, falling back to default profiles: default
2021-01-08 17:07:18.842  WARN 1880 --- [background-preinit] o.s.h.c.j.Jackson2ObjectMapperBuilder    : For Jackson Kotlin classes support please add "com.fasterxml.jackson.module:jackson-module-kotlin" to the classpath
2021-01-08 17:07:20.825  WARN 1880 --- [main] io.undertow.websockets.jsr               : UT026010: Buffer pool was not set on WebSocketDeploymentInfo, the default pool will be used
2021-01-08 17:07:20.870  INFO 1880 --- [main] io.undertow.servlet                      : Initializing Spring embedded WebApplicationContext
2021-01-08 17:07:20.873  INFO 1880 --- [main] o.s.web.context.ContextLoader            : Root WebApplicationContext: initialization completed in 2017 ms
2021-01-08 17:07:21.650  WARN 1880 --- [main] l.server.config.SentryConfiguration      : Turning off sentry
2021-01-08 17:07:22.176  INFO 1880 --- [main] c.s.d.l.tools.GarbageCollectionMonitor   : GC monitoring enabled, reporting results every 2 minutes.
2021-01-08 17:07:22.446  INFO 1880 --- [main] lavalink.server.config.KoeConfiguration  : OS: Windows 10, Arch: amd64
2021-01-08 17:07:22.447  WARN 1880 --- [main] lavalink.server.config.KoeConfiguration  : This system and architecture appears to not support native audio sending! GC pauses may cause your bot to stutter during playback.
2021-01-08 17:07:22.781  INFO 1880 --- [main] o.s.s.concurrent.ThreadPoolTaskExecutor  : Initializing ExecutorService 'applicationTaskExecutor'
2021-01-08 17:07:23.237  INFO 1880 --- [main] org.xnio                                 : XNIO version 3.3.8.Final
2021-01-08 17:07:23.299  INFO 1880 --- [main] org.xnio.nio                             : XNIO NIO Implementation Version 3.3.8.Final
2021-01-08 17:07:23.407  INFO 1880 --- [main] o.s.b.w.e.u.UndertowServletWebServer     : Undertow started on port(s) 2333 (http) with context path ''
2021-01-08 17:07:23.418  INFO 1880 --- [main] lavalink.server.Launcher                 : Started Launcher in 5.562 seconds (JVM running for 6.39)
2021-01-08 17:07:23.438  INFO 1880 --- [main] lavalink.server.Launcher                 : You can safely ignore the big red warning about illegal reflection. See https://github.com/Frederikam/Lavalink/issues/295
2021-01-08 17:19:26.412  INFO 1880 --- [Thread-1] o.s.s.concurrent.ThreadPoolTaskExecutor  : Shutting down ExecutorService 'applicationTaskExecutor'
2021-01-08 17:19:26.420  INFO 1880 --- [Thread-1] c.s.d.l.tools.GarbageCollectionMonitor   : GC monitoring disabled.
